<?xml version="1.0" encoding="UTF-8"?>
<!-- Generated by org.testng.reporters.JUnitReportReporter -->
<testsuite hostname="LAPTOP-1RJ49QFV" failures="0" tests="1" name="testcases.TC2_TestActions" time="1.289" errors="0" timestamp="2024-10-01T13:20:02 IST" skipped="0">
  <testcase classname="testcases.TC2_TestActions" name="clickonWorkspace" time="1.289"/>
</testsuite> <!-- testcases.TC2_TestActions -->
