<?xml version="1.0" encoding="UTF-8"?>
<!-- Generated by org.testng.reporters.JUnitReportReporter -->
<testsuite hostname="LAPTOP-1RJ49QFV" failures="0" tests="1" name="testcases.TC1_InputTextActions" time="2.751" errors="0" timestamp="2024-10-08T18:35:17 IST" skipped="0">
  <testcase classname="testcases.TC1_InputTextActions" name="inputTextFunctions" time="2.751"/>
</testsuite> <!-- testcases.TC1_InputTextActions -->
