<?xml version="1.0" encoding="UTF-8"?>
<!-- Generated by org.testng.reporters.JUnitReportReporter -->
<testsuite hostname="LAPTOP-1RJ49QFV" failures="0" tests="2" name="testcases.TC1_TestActions" time="2.728" errors="0" timestamp="2024-10-04T15:30:24 IST" skipped="1">
  <testcase classname="testcases.TC1_TestActions" name="inputTextFunctions" time="2.728"/>
  <testcase classname="testcases.TC1_TestActions" name="buttonFunctions">
    <skipped/>
  </testcase> <!-- buttonFunctions -->
</testsuite> <!-- testcases.TC1_TestActions -->
