<?xml version="1.0" encoding="UTF-8"?>
<!-- Generated by org.testng.reporters.JUnitReportReporter -->
<testsuite hostname="LAPTOP-1RJ49QFV" failures="0" tests="1" name="testcases.TC1_Login" time="7.520" errors="0" timestamp="2024-10-01T12:18:33 IST" skipped="0">
  <testcase classname="testcases.TC1_Login" name="userLogin" time="7.520"/>
</testsuite> <!-- testcases.TC1_Login -->
