<?xml version="1.0" encoding="UTF-8"?>
<!-- Generated by org.testng.reporters.JUnitReportReporter -->
<testsuite hostname="LAPTOP-1RJ49QFV" failures="0" tests="1" name="commonFile.CommonTC" time="7.709" errors="0" timestamp="2024-10-04T13:06:00 IST" skipped="0">
  <testcase classname="commonFile.CommonTC" name="launchBrowser" time="7.709"/>
</testsuite> <!-- commonFile.CommonTC -->
